<?xml version="1.0" encoding="UTF-8"?>
<!-- Generated by org.testng.reporters.JUnitXMLReporter -->
<testsuite ignored="0" hostname="Akhilas-Air" failures="0" tests="13" name="SauceDemo Test" time="57.389" errors="0" timestamp="2023-01-25T18:54:34 CET">
  <testcase classname="com.sd.tests.TC1CheckoutForStandardUser" name="loginApp" time="4.934"/>
  <testcase classname="com.sd.tests.TC1CheckoutForStandardUser" name="productPriceCheck" time="0.367"/>
  <testcase classname="com.sd.tests.TC1CheckoutForStandardUser" name="goToCart" time="0.452"/>
  <testcase classname="com.sd.tests.TC1CheckoutForStandardUser" name="checkoutCart" time="1.196"/>
  <testcase classname="com.sd.tests.TC1CheckoutForStandardUser" name="priceComparison" time="1.345"/>
  <testcase classname="com.sd.tests.TC1CheckoutForStandardUser" name="completeCheckout" time="0.162"/>
  <testcase classname="com.sd.tests.TC1CheckoutForStandardUser" name="logoutApp" time="0.689"/>
  <testcase classname="com.sd.tests.TC2EmptyCartCheckout" name="loginApp" time="4.835"/>
  <testcase classname="com.sd.tests.TC2EmptyCartCheckout" name="goToCart" time="0.217"/>
  <testcase classname="com.sd.tests.TC2EmptyCartCheckout" name="checkoutCart" time="1.902"/>
  <testcase classname="com.sd.tests.TC2EmptyCartCheckout" name="completeCheckout" time="0.202"/>
  <testcase classname="com.sd.tests.TC2EmptyCartCheckout" name="logoutApp" time="1.62"/>
  <testcase classname="com.sd.tests.TC3LockedUserLogin" name="loginApp" time="3.998"/>
</testsuite> <!-- SauceDemo Test -->
