<?xml version="1.0" encoding="UTF-8"?>
<testng-results ignored="0" total="13" passed="13" failed="0" skipped="0">
  <reporter-output>
    <line>
      <![CDATA[Test config is being prepared]]>
    </line>
    <line>
      <![CDATA[Test can be started]]>
    </line>
    <line>
      <![CDATA[Launching the application]]>
    </line>
    <line>
      <![CDATA[Application launched]]>
    </line>
    <line>
      <![CDATA[Test config is being prepared]]>
    </line>
    <line>
      <![CDATA[Test can be started]]>
    </line>
    <line>
      <![CDATA[Launching the application]]>
    </line>
    <line>
      <![CDATA[Application launched]]>
    </line>
    <line>
      <![CDATA[Test config is being prepared]]>
    </line>
    <line>
      <![CDATA[Test can be started]]>
    </line>
    <line>
      <![CDATA[Launching the application]]>
    </line>
    <line>
      <![CDATA[Application launched]]>
    </line>
  </reporter-output>
  <suite started-at="2023-01-25T18:53:37 CET" name="Saucedemo testing" finished-at="2023-01-25T18:54:34 CET" duration-ms="57389">
    <groups>
    </groups>
    <test started-at="2023-01-25T18:53:37 CET" name="SauceDemo Test" finished-at="2023-01-25T18:54:34 CET" duration-ms="57389">
      <class name="com.sd.tests.TC2EmptyCartCheckout">
        <test-method is-config="true" signature="setUp(java.lang.String,java.lang.String)[pri:0, instance:com.sd.tests.TC2EmptyCartCheckout@7526515b]" started-at="2023-01-25T18:54:03 CET" name="setUp" finished-at="2023-01-25T18:54:10 CET" duration-ms="7079" status="PASS">
          <params>
            <param index="0">
              <value>
                <![CDATA[Chrome]]>
              </value>
            </param>
            <param index="1">
              <value>
                <![CDATA[https://www.saucedemo.com/]]>
              </value>
            </param>
          </params>
          <reporter-output>
            <line>
              <![CDATA[Test config is being prepared]]>
            </line>
            <line>
              <![CDATA[Test can be started]]>
            </line>
            <line>
              <![CDATA[Launching the application]]>
            </line>
            <line>
              <![CDATA[Application launched]]>
            </line>
          </reporter-output>
        </test-method> <!-- setUp -->
        <test-method signature="loginApp()[pri:1, instance:com.sd.tests.TC2EmptyCartCheckout@7526515b]" started-at="2023-01-25T18:54:10 CET" name="loginApp" finished-at="2023-01-25T18:54:15 CET" duration-ms="4835" status="PASS">
          <reporter-output>
          </reporter-output>
        </test-method> <!-- loginApp -->
        <test-method is-config="true" signature="finalTearDown(org.testng.ITestResult)[pri:0, instance:com.sd.tests.TC2EmptyCartCheckout@7526515b]" started-at="2023-01-25T18:54:15 CET" name="finalTearDown" finished-at="2023-01-25T18:54:16 CET" duration-ms="1393" status="PASS">
          <params>
            <param index="0">
              <value>
                <![CDATA[[TestResult name=loginApp status=SUCCESS method=TC2EmptyCartCheckout.loginApp()[pri:1, instance:com.sd.tests.TC2EmptyCartCheckout@7526515b] output={null}]]]>
              </value>
            </param>
          </params>
          <reporter-output>
          </reporter-output>
        </test-method> <!-- finalTearDown -->
        <test-method signature="goToCart()[pri:2, instance:com.sd.tests.TC2EmptyCartCheckout@7526515b]" started-at="2023-01-25T18:54:16 CET" name="goToCart" finished-at="2023-01-25T18:54:16 CET" duration-ms="217" status="PASS">
          <reporter-output>
          </reporter-output>
        </test-method> <!-- goToCart -->
        <test-method is-config="true" signature="finalTearDown(org.testng.ITestResult)[pri:0, instance:com.sd.tests.TC2EmptyCartCheckout@7526515b]" started-at="2023-01-25T18:54:16 CET" name="finalTearDown" finished-at="2023-01-25T18:54:17 CET" duration-ms="576" status="PASS">
          <params>
            <param index="0">
              <value>
                <![CDATA[[TestResult name=goToCart status=SUCCESS method=TC2EmptyCartCheckout.goToCart()[pri:2, instance:com.sd.tests.TC2EmptyCartCheckout@7526515b] output={null}]]]>
              </value>
            </param>
          </params>
          <reporter-output>
          </reporter-output>
        </test-method> <!-- finalTearDown -->
        <test-method signature="checkoutCart()[pri:3, instance:com.sd.tests.TC2EmptyCartCheckout@7526515b]" started-at="2023-01-25T18:54:17 CET" name="checkoutCart" finished-at="2023-01-25T18:54:19 CET" duration-ms="1902" status="PASS">
          <reporter-output>
          </reporter-output>
        </test-method> <!-- checkoutCart -->
        <test-method is-config="true" signature="finalTearDown(org.testng.ITestResult)[pri:0, instance:com.sd.tests.TC2EmptyCartCheckout@7526515b]" started-at="2023-01-25T18:54:19 CET" name="finalTearDown" finished-at="2023-01-25T18:54:19 CET" duration-ms="491" status="PASS">
          <params>
            <param index="0">
              <value>
                <![CDATA[[TestResult name=checkoutCart status=SUCCESS method=TC2EmptyCartCheckout.checkoutCart()[pri:3, instance:com.sd.tests.TC2EmptyCartCheckout@7526515b] output={null}]]]>
              </value>
            </param>
          </params>
          <reporter-output>
          </reporter-output>
        </test-method> <!-- finalTearDown -->
        <test-method signature="completeCheckout()[pri:4, instance:com.sd.tests.TC2EmptyCartCheckout@7526515b]" started-at="2023-01-25T18:54:19 CET" name="completeCheckout" finished-at="2023-01-25T18:54:19 CET" duration-ms="202" status="PASS">
          <reporter-output>
          </reporter-output>
        </test-method> <!-- completeCheckout -->
        <test-method is-config="true" signature="finalTearDown(org.testng.ITestResult)[pri:0, instance:com.sd.tests.TC2EmptyCartCheckout@7526515b]" started-at="2023-01-25T18:54:19 CET" name="finalTearDown" finished-at="2023-01-25T18:54:20 CET" duration-ms="575" status="PASS">
          <params>
            <param index="0">
              <value>
                <![CDATA[[TestResult name=completeCheckout status=SUCCESS method=TC2EmptyCartCheckout.completeCheckout()[pri:4, instance:com.sd.tests.TC2EmptyCartCheckout@7526515b] output={null}]]]>
              </value>
            </param>
          </params>
          <reporter-output>
          </reporter-output>
        </test-method> <!-- finalTearDown -->
        <test-method signature="logoutApp()[pri:5, instance:com.sd.tests.TC2EmptyCartCheckout@7526515b]" started-at="2023-01-25T18:54:20 CET" name="logoutApp" finished-at="2023-01-25T18:54:22 CET" duration-ms="1620" status="PASS">
          <reporter-output>
          </reporter-output>
        </test-method> <!-- logoutApp -->
        <test-method is-config="true" signature="finalTearDown(org.testng.ITestResult)[pri:0, instance:com.sd.tests.TC2EmptyCartCheckout@7526515b]" started-at="2023-01-25T18:54:22 CET" name="finalTearDown" finished-at="2023-01-25T18:54:22 CET" duration-ms="548" status="PASS">
          <params>
            <param index="0">
              <value>
                <![CDATA[[TestResult name=logoutApp status=SUCCESS method=TC2EmptyCartCheckout.logoutApp()[pri:5, instance:com.sd.tests.TC2EmptyCartCheckout@7526515b] output={null}]]]>
              </value>
            </param>
          </params>
          <reporter-output>
          </reporter-output>
        </test-method> <!-- finalTearDown -->
        <test-method is-config="true" signature="tearDown()[pri:0, instance:com.sd.tests.TC2EmptyCartCheckout@7526515b]" started-at="2023-01-25T18:54:22 CET" name="tearDown" finished-at="2023-01-25T18:54:22 CET" duration-ms="150" status="PASS">
          <reporter-output>
          </reporter-output>
        </test-method> <!-- tearDown -->
      </class> <!-- com.sd.tests.TC2EmptyCartCheckout -->
      <class name="com.sd.tests.TC3LockedUserLogin">
        <test-method is-config="true" signature="setUp(java.lang.String,java.lang.String)[pri:0, instance:com.sd.tests.TC3LockedUserLogin@1ed4ae0f]" started-at="2023-01-25T18:54:22 CET" name="setUp" finished-at="2023-01-25T18:54:29 CET" duration-ms="6715" status="PASS">
          <params>
            <param index="0">
              <value>
                <![CDATA[Chrome]]>
              </value>
            </param>
            <param index="1">
              <value>
                <![CDATA[https://www.saucedemo.com/]]>
              </value>
            </param>
          </params>
          <reporter-output>
            <line>
              <![CDATA[Test config is being prepared]]>
            </line>
            <line>
              <![CDATA[Test can be started]]>
            </line>
            <line>
              <![CDATA[Launching the application]]>
            </line>
            <line>
              <![CDATA[Application launched]]>
            </line>
          </reporter-output>
        </test-method> <!-- setUp -->
        <test-method signature="loginApp()[pri:1, instance:com.sd.tests.TC3LockedUserLogin@1ed4ae0f]" started-at="2023-01-25T18:54:29 CET" name="loginApp" finished-at="2023-01-25T18:54:33 CET" duration-ms="3998" status="PASS">
          <reporter-output>
          </reporter-output>
        </test-method> <!-- loginApp -->
        <test-method is-config="true" signature="finalTearDown(org.testng.ITestResult)[pri:0, instance:com.sd.tests.TC3LockedUserLogin@1ed4ae0f]" started-at="2023-01-25T18:54:33 CET" name="finalTearDown" finished-at="2023-01-25T18:54:34 CET" duration-ms="653" status="PASS">
          <params>
            <param index="0">
              <value>
                <![CDATA[[TestResult name=loginApp status=SUCCESS method=TC3LockedUserLogin.loginApp()[pri:1, instance:com.sd.tests.TC3LockedUserLogin@1ed4ae0f] output={null}]]]>
              </value>
            </param>
          </params>
          <reporter-output>
          </reporter-output>
        </test-method> <!-- finalTearDown -->
        <test-method is-config="true" signature="tearDown()[pri:0, instance:com.sd.tests.TC3LockedUserLogin@1ed4ae0f]" started-at="2023-01-25T18:54:34 CET" name="tearDown" finished-at="2023-01-25T18:54:34 CET" duration-ms="176" status="PASS">
          <reporter-output>
          </reporter-output>
        </test-method> <!-- tearDown -->
      </class> <!-- com.sd.tests.TC3LockedUserLogin -->
      <class name="com.sd.tests.TC1CheckoutForStandardUser">
        <test-method is-config="true" signature="setUp(java.lang.String,java.lang.String)[pri:0, instance:com.sd.tests.TC1CheckoutForStandardUser@2ddc9a9f]" started-at="2023-01-25T18:53:37 CET" name="setUp" finished-at="2023-01-25T18:53:47 CET" duration-ms="10560" status="PASS">
          <params>
            <param index="0">
              <value>
                <![CDATA[Chrome]]>
              </value>
            </param>
            <param index="1">
              <value>
                <![CDATA[https://www.saucedemo.com/]]>
              </value>
            </param>
          </params>
          <reporter-output>
            <line>
              <![CDATA[Test config is being prepared]]>
            </line>
            <line>
              <![CDATA[Test can be started]]>
            </line>
            <line>
              <![CDATA[Launching the application]]>
            </line>
            <line>
              <![CDATA[Application launched]]>
            </line>
          </reporter-output>
        </test-method> <!-- setUp -->
        <test-method signature="loginApp()[pri:1, instance:com.sd.tests.TC1CheckoutForStandardUser@2ddc9a9f]" started-at="2023-01-25T18:53:47 CET" name="loginApp" finished-at="2023-01-25T18:53:52 CET" duration-ms="4934" status="PASS">
          <reporter-output>
          </reporter-output>
        </test-method> <!-- loginApp -->
        <test-method is-config="true" signature="finalTearDown(org.testng.ITestResult)[pri:0, instance:com.sd.tests.TC1CheckoutForStandardUser@2ddc9a9f]" started-at="2023-01-25T18:53:52 CET" name="finalTearDown" finished-at="2023-01-25T18:53:54 CET" duration-ms="1944" status="PASS">
          <params>
            <param index="0">
              <value>
                <![CDATA[[TestResult name=loginApp status=SUCCESS method=TC1CheckoutForStandardUser.loginApp()[pri:1, instance:com.sd.tests.TC1CheckoutForStandardUser@2ddc9a9f] output={null}]]]>
              </value>
            </param>
          </params>
          <reporter-output>
          </reporter-output>
        </test-method> <!-- finalTearDown -->
        <test-method signature="productPriceCheck()[pri:2, instance:com.sd.tests.TC1CheckoutForStandardUser@2ddc9a9f]" started-at="2023-01-25T18:53:54 CET" name="productPriceCheck" finished-at="2023-01-25T18:53:54 CET" duration-ms="367" status="PASS">
          <reporter-output>
          </reporter-output>
        </test-method> <!-- productPriceCheck -->
        <test-method is-config="true" signature="finalTearDown(org.testng.ITestResult)[pri:0, instance:com.sd.tests.TC1CheckoutForStandardUser@2ddc9a9f]" started-at="2023-01-25T18:53:54 CET" name="finalTearDown" finished-at="2023-01-25T18:53:56 CET" duration-ms="1372" status="PASS">
          <params>
            <param index="0">
              <value>
                <![CDATA[[TestResult name=productPriceCheck status=SUCCESS method=TC1CheckoutForStandardUser.productPriceCheck()[pri:2, instance:com.sd.tests.TC1CheckoutForStandardUser@2ddc9a9f] output={null}]]]>
              </value>
            </param>
          </params>
          <reporter-output>
          </reporter-output>
        </test-method> <!-- finalTearDown -->
        <test-method signature="goToCart()[pri:3, instance:com.sd.tests.TC1CheckoutForStandardUser@2ddc9a9f]" started-at="2023-01-25T18:53:56 CET" name="goToCart" finished-at="2023-01-25T18:53:56 CET" duration-ms="452" status="PASS">
          <reporter-output>
          </reporter-output>
        </test-method> <!-- goToCart -->
        <test-method is-config="true" signature="finalTearDown(org.testng.ITestResult)[pri:0, instance:com.sd.tests.TC1CheckoutForStandardUser@2ddc9a9f]" started-at="2023-01-25T18:53:56 CET" name="finalTearDown" finished-at="2023-01-25T18:53:57 CET" duration-ms="634" status="PASS">
          <params>
            <param index="0">
              <value>
                <![CDATA[[TestResult name=goToCart status=SUCCESS method=TC1CheckoutForStandardUser.goToCart()[pri:3, instance:com.sd.tests.TC1CheckoutForStandardUser@2ddc9a9f] output={null}]]]>
              </value>
            </param>
          </params>
          <reporter-output>
          </reporter-output>
        </test-method> <!-- finalTearDown -->
        <test-method signature="checkoutCart()[pri:4, instance:com.sd.tests.TC1CheckoutForStandardUser@2ddc9a9f]" started-at="2023-01-25T18:53:57 CET" name="checkoutCart" finished-at="2023-01-25T18:53:58 CET" duration-ms="1196" status="PASS">
          <reporter-output>
          </reporter-output>
        </test-method> <!-- checkoutCart -->
        <test-method is-config="true" signature="finalTearDown(org.testng.ITestResult)[pri:0, instance:com.sd.tests.TC1CheckoutForStandardUser@2ddc9a9f]" started-at="2023-01-25T18:53:58 CET" name="finalTearDown" finished-at="2023-01-25T18:53:59 CET" duration-ms="570" status="PASS">
          <params>
            <param index="0">
              <value>
                <![CDATA[[TestResult name=checkoutCart status=SUCCESS method=TC1CheckoutForStandardUser.checkoutCart()[pri:4, instance:com.sd.tests.TC1CheckoutForStandardUser@2ddc9a9f] output={null}]]]>
              </value>
            </param>
          </params>
          <reporter-output>
          </reporter-output>
        </test-method> <!-- finalTearDown -->
        <test-method signature="priceComparison()[pri:5, instance:com.sd.tests.TC1CheckoutForStandardUser@2ddc9a9f]" started-at="2023-01-25T18:53:59 CET" name="priceComparison" finished-at="2023-01-25T18:54:00 CET" duration-ms="1345" status="PASS">
          <reporter-output>
          </reporter-output>
        </test-method> <!-- priceComparison -->
        <test-method is-config="true" signature="finalTearDown(org.testng.ITestResult)[pri:0, instance:com.sd.tests.TC1CheckoutForStandardUser@2ddc9a9f]" started-at="2023-01-25T18:54:00 CET" name="finalTearDown" finished-at="2023-01-25T18:54:01 CET" duration-ms="534" status="PASS">
          <params>
            <param index="0">
              <value>
                <![CDATA[[TestResult name=priceComparison status=SUCCESS method=TC1CheckoutForStandardUser.priceComparison()[pri:5, instance:com.sd.tests.TC1CheckoutForStandardUser@2ddc9a9f] output={null}]]]>
              </value>
            </param>
          </params>
          <reporter-output>
          </reporter-output>
        </test-method> <!-- finalTearDown -->
        <test-method signature="completeCheckout()[pri:6, instance:com.sd.tests.TC1CheckoutForStandardUser@2ddc9a9f]" started-at="2023-01-25T18:54:01 CET" name="completeCheckout" finished-at="2023-01-25T18:54:01 CET" duration-ms="162" status="PASS">
          <reporter-output>
          </reporter-output>
        </test-method> <!-- completeCheckout -->
        <test-method is-config="true" signature="finalTearDown(org.testng.ITestResult)[pri:0, instance:com.sd.tests.TC1CheckoutForStandardUser@2ddc9a9f]" started-at="2023-01-25T18:54:01 CET" name="finalTearDown" finished-at="2023-01-25T18:54:01 CET" duration-ms="591" status="PASS">
          <params>
            <param index="0">
              <value>
                <![CDATA[[TestResult name=completeCheckout status=SUCCESS method=TC1CheckoutForStandardUser.completeCheckout()[pri:6, instance:com.sd.tests.TC1CheckoutForStandardUser@2ddc9a9f] output={null}]]]>
              </value>
            </param>
          </params>
          <reporter-output>
          </reporter-output>
        </test-method> <!-- finalTearDown -->
        <test-method signature="logoutApp()[pri:7, instance:com.sd.tests.TC1CheckoutForStandardUser@2ddc9a9f]" started-at="2023-01-25T18:54:01 CET" name="logoutApp" finished-at="2023-01-25T18:54:02 CET" duration-ms="689" status="PASS">
          <reporter-output>
          </reporter-output>
        </test-method> <!-- logoutApp -->
        <test-method is-config="true" signature="finalTearDown(org.testng.ITestResult)[pri:0, instance:com.sd.tests.TC1CheckoutForStandardUser@2ddc9a9f]" started-at="2023-01-25T18:54:02 CET" name="finalTearDown" finished-at="2023-01-25T18:54:03 CET" duration-ms="577" status="PASS">
          <params>
            <param index="0">
              <value>
                <![CDATA[[TestResult name=logoutApp status=SUCCESS method=TC1CheckoutForStandardUser.logoutApp()[pri:7, instance:com.sd.tests.TC1CheckoutForStandardUser@2ddc9a9f] output={null}]]]>
              </value>
            </param>
          </params>
          <reporter-output>
          </reporter-output>
        </test-method> <!-- finalTearDown -->
        <test-method is-config="true" signature="tearDown()[pri:0, instance:com.sd.tests.TC1CheckoutForStandardUser@2ddc9a9f]" started-at="2023-01-25T18:54:03 CET" name="tearDown" finished-at="2023-01-25T18:54:03 CET" duration-ms="135" status="PASS">
          <reporter-output>
          </reporter-output>
        </test-method> <!-- tearDown -->
      </class> <!-- com.sd.tests.TC1CheckoutForStandardUser -->
    </test> <!-- SauceDemo Test -->
  </suite> <!-- Saucedemo testing -->
</testng-results>
